<?xml version="1.0" encoding="UTF-8"?>
<testng-results skipped="0" failed="1" ignored="1" total="2" passed="0">
  <reporter-output>
  </reporter-output>
  <suite name="Default suite" duration-ms="35112" started-at="2021-02-24T11:15:59 IST" finished-at="2021-02-24T11:16:34 IST">
    <groups>
    </groups>
    <test name="Default test" duration-ms="35112" started-at="2021-02-24T11:15:59 IST" finished-at="2021-02-24T11:16:34 IST">
      <class name="testClasses.TicketBookingTest">
        <test-method status="FAIL" signature="checkFlights(java.util.TreeMap)[pri:1, instance:testClasses.TicketBookingTest@9225652]" name="checkFlights" duration-ms="33096" started-at="2021-02-24T11:16:00 IST" data-provider="getCheckFlightsData" finished-at="2021-02-24T11:16:33 IST">
          <params>
            <param index="0">
              <value>
                <![CDATA[{DepartDate=22-02-2021, FromCity=Pune, ReturnDate=22-02-2021, RunTestCase=Yes, ToCity=Goa}]]>
              </value>
            </param>
          </params>
          <exception class="java.lang.AssertionError">
            <message>
              <![CDATA[expected [Cheap Air Tickets Online, International Flights to India, Cheap International Flight Deals | SpiceJet Airlines Nikhil] but found [Cheap Air Tickets Online, International Flights to India, Cheap International Flight Deals | SpiceJet Airlines]]]>
            </message>
            <full-stacktrace>
              <![CDATA[java.lang.AssertionError: expected [Cheap Air Tickets Online, International Flights to India, Cheap International Flight Deals | SpiceJet Airlines Nikhil] but found [Cheap Air Tickets Online, International Flights to India, Cheap International Flight Deals | SpiceJet Airlines]
at org.testng.Assert.fail(Assert.java:97)
at pageClasses.FlightsListPage.checkPageLoading(FlightsListPage.java:23)
at testClasses.TicketBookingTest.checkFlights(TicketBookingTest.java:31)
at sun.reflect.NativeMethodAccessorImpl.invoke0(Native Method)
at sun.reflect.NativeMethodAccessorImpl.invoke(NativeMethodAccessorImpl.java:62)
at sun.reflect.DelegatingMethodAccessorImpl.invoke(DelegatingMethodAccessorImpl.java:43)
at java.lang.reflect.Method.invoke(Method.java:498)
at org.testng.internal.MethodInvocationHelper.invokeMethod(MethodInvocationHelper.java:133)
at org.testng.internal.TestInvoker.invokeMethod(TestInvoker.java:584)
at org.testng.internal.TestInvoker.invokeTestMethod(TestInvoker.java:172)
at org.testng.internal.MethodRunner.runInSequence(MethodRunner.java:46)
at org.testng.internal.TestInvoker$MethodInvocationAgent.invoke(TestInvoker.java:804)
at org.testng.internal.TestInvoker.invokeTestMethods(TestInvoker.java:145)
at org.testng.internal.TestMethodWorker.invokeTestMethods(TestMethodWorker.java:146)
at org.testng.internal.TestMethodWorker.run(TestMethodWorker.java:128)
at java.util.ArrayList.forEach(ArrayList.java:1257)
at org.testng.TestRunner.privateRun(TestRunner.java:770)
at org.testng.TestRunner.run(TestRunner.java:591)
at org.testng.SuiteRunner.runTest(SuiteRunner.java:402)
at org.testng.SuiteRunner.runSequentially(SuiteRunner.java:396)
at org.testng.SuiteRunner.privateRun(SuiteRunner.java:355)
at org.testng.SuiteRunner.run(SuiteRunner.java:304)
at org.testng.SuiteRunnerWorker.runSuite(SuiteRunnerWorker.java:53)
at org.testng.SuiteRunnerWorker.run(SuiteRunnerWorker.java:96)
at org.testng.TestNG.runSuitesSequentially(TestNG.java:1180)
at org.testng.TestNG.runSuitesLocally(TestNG.java:1102)
at org.testng.TestNG.runSuites(TestNG.java:1032)
at org.testng.TestNG.run(TestNG.java:1000)
at org.testng.remote.AbstractRemoteTestNG.run(AbstractRemoteTestNG.java:115)
at org.testng.remote.RemoteTestNG.initAndRun(RemoteTestNG.java:251)
at org.testng.remote.RemoteTestNG.main(RemoteTestNG.java:77)
]]>
            </full-stacktrace>
          </exception> <!-- java.lang.AssertionError -->
          <reporter-output>
          </reporter-output>
        </test-method> <!-- checkFlights -->
        <test-method status="PASS" signature="tearDown()[pri:0, instance:testClasses.TicketBookingTest@9225652]" name="tearDown" is-config="true" duration-ms="1342" started-at="2021-02-24T11:16:33 IST" finished-at="2021-02-24T11:16:34 IST">
          <reporter-output>
          </reporter-output>
        </test-method> <!-- tearDown -->
      </class> <!-- testClasses.TicketBookingTest -->
    </test> <!-- Default test -->
  </suite> <!-- Default suite -->
</testng-results>
